<?xml version="1.0" encoding="UTF-8"?>
<testsuite xmlns:xsi="http://www.w3.org/2001/XMLSchema-instance" xsi:noNamespaceSchemaLocation="https://maven.apache.org/surefire/maven-surefire-plugin/xsd/surefire-test-report-3.0.xsd" version="3.0" name="com.delivery_api.Projeto.Delivery.API.DeliveryApiApplicationTests" time="1.298" tests="1" errors="0" skipped="0" failures="0">
  <properties>
[...]
</properties>
  <testcase name="contextLoads" classname="com.delivery_api.Projeto.Delivery.API.DeliveryApiApplicationTests" time="0.003">
    <system-out><![CDATA[2025-11-28T18:05:47.215-03:00  INFO 251204 --- [Projeto-Delivery-API] [           main] t.c.s.AnnotationConfigContextLoaderUtils : Could not detect default configuration classes for test class [com.delivery_api.Projeto.Delivery.API.DeliveryApiApplicationTests]: DeliveryApiApplicationTests does not declare any static, non-private, non-final, nested classes annotated with @Configuration.
2025-11-28T18:05:47.231-03:00  INFO 251204 --- [Projeto-Delivery-API] [           main] .b.t.c.SpringBootTestContextBootstrapper : Found @SpringBootConfiguration com.delivery_api.Projeto.Delivery.API.ProjetoDeliveryApiApplication for test class com.delivery_api.Projeto.Delivery.API.DeliveryApiApplicationTests
2025-11-28T18:05:47.237-03:00  INFO 251204 --- [Projeto-Delivery-API] [           main] o.s.b.d.r.RestartApplicationListener     : Restart disabled due to context in which it is running

  .   ____          _            __ _ _
 /\\ / ___'_ __ _ _(_)_ __  __ _ \ \ \ \
( ( )\___ | '_ | '_| | '_ \/ _` | \ \ \ \
 \\/  ___)| |_)| | | | | || (_| |  ) ) ) )
  '  |____| .__|_| |_|_| |_\__, | / / / /
 =========|_|==============|___/=/_/_/_/

 :: Spring Boot ::                (v3.3.5)

2025-11-28T18:05:47.268-03:00  INFO 251204 --- [Projeto-Delivery-API] [           main] c.d.P.D.API.DeliveryApiApplicationTests  : Starting DeliveryApiApplicationTests using Java 21.0.9 with PID 251204 (started by guilh in C:\Users\guilh\Downloads\Extensão\spring\Projeto-Delivery-API\projeto\delivery-api)
2025-11-28T18:05:47.269-03:00  INFO 251204 --- [Projeto-Delivery-API] [           main] c.d.P.D.API.DeliveryApiApplicationTests  : No active profile set, falling back to 1 default profile: "default"
2025-11-28T18:05:47.273-03:00 DEBUG 251204 --- [Projeto-Delivery-API] [           main] o.s.w.c.s.GenericWebApplicationContext   : Refreshing org.springframework.web.context.support.GenericWebApplicationContext@75f34d1c
2025-11-28T18:05:47.567-03:00  INFO 251204 --- [Projeto-Delivery-API] [           main] .s.d.r.c.RepositoryConfigurationDelegate : Bootstrapping Spring Data JPA repositories in DEFAULT mode.
2025-11-28T18:05:47.582-03:00  INFO 251204 --- [Projeto-Delivery-API] [           main] .s.d.r.c.RepositoryConfigurationDelegate : Finished Spring Data repository scanning in 15 ms. Found 5 JPA repository interfaces.
2025-11-28T18:05:47.680-03:00  INFO 251204 --- [Projeto-Delivery-API] [           main] o.hibernate.jpa.internal.util.LogHelper  : HHH000204: Processing PersistenceUnitInfo [name: default]
2025-11-28T18:05:47.682-03:00  INFO 251204 --- [Projeto-Delivery-API] [           main] o.h.c.internal.RegionFactoryInitiator    : HHH000026: Second-level cache disabled
2025-11-28T18:05:47.693-03:00  INFO 251204 --- [Projeto-Delivery-API] [           main] o.s.o.j.p.SpringPersistenceUnitInfo      : No LoadTimeWeaver setup: ignoring JPA class transformer
2025-11-28T18:05:47.694-03:00  INFO 251204 --- [Projeto-Delivery-API] [           main] com.zaxxer.hikari.HikariDataSource       : HikariPool-3 - Starting...
2025-11-28T18:05:47.697-03:00  INFO 251204 --- [Projeto-Delivery-API] [           main] com.zaxxer.hikari.pool.HikariPool        : HikariPool-3 - Added connection conn20: url=jdbc:h2:mem:deliverydb user=SA
2025-11-28T18:05:47.698-03:00  INFO 251204 --- [Projeto-Delivery-API] [           main] com.zaxxer.hikari.HikariDataSource       : HikariPool-3 - Start completed.
2025-11-28T18:05:47.699-03:00  WARN 251204 --- [Projeto-Delivery-API] [           main] org.hibernate.orm.deprecation            : HHH90000025: H2Dialect does not need to be specified explicitly using 'hibernate.dialect' (remove the property setting and it will be selected by default)
2025-11-28T18:05:47.856-03:00  INFO 251204 --- [Projeto-Delivery-API] [           main] o.h.e.t.j.p.i.JtaPlatformInitiator       : HHH000489: No JTA platform available (set 'hibernate.transaction.jta.platform' to enable JTA platform integration)
Hibernate: 
    drop table if exists clientes cascade 
Hibernate: 
    drop table if exists pedidos cascade 
Hibernate: 
    drop table if exists produtos cascade 
Hibernate: 
    drop table if exists restaurantes cascade 
Hibernate: 
    drop table if exists usuarios cascade 
Hibernate: 
    create table clientes (
        ativo boolean,
        data_cadastro timestamp(6),
        id bigint generated by default as identity,
        email varchar(255),
        endereco varchar(255),
        nome varchar(255),
        telefone varchar(255),
        primary key (id)
    )
Hibernate: 
    create table pedidos (
        valor_total numeric(38,2),
        cliente_id bigint,
        data_pedido timestamp(6),
        id bigint generated by default as identity,
        restaurante_id bigint,
        itens varchar(255),
        numero_pedido varchar(255),
        observacoes varchar(255),
        status varchar(255),
        primary key (id)
    )
Hibernate: 
    create table produtos (
        disponivel boolean,
        preco numeric(38,2),
        id bigint generated by default as identity,
        restaurante_id bigint,
        categoria varchar(255),
        descricao varchar(255),
        nome varchar(255),
        primary key (id)
    )
Hibernate: 
    create table restaurantes (
        ativo boolean,
        avaliacao numeric(38,2),
        taxa_entrega numeric(38,2),
        id bigint generated by default as identity,
        categoria varchar(255),
        endereco varchar(255),
        nome varchar(255),
        telefone varchar(255),
        primary key (id)
    )
Hibernate: 
    create table usuarios (
        ativo boolean,
        data_criacao timestamp(6),
        id bigint generated by default as identity,
        restaurante_id bigint,
        email varchar(255) not null unique,
        nome varchar(255),
        senha varchar(255) not null,
        role enum ('ADMIN','CLIENTE','ENTREGADOR','RESTAURANTE'),
        primary key (id)
    )
Hibernate: 
    alter table if exists pedidos 
       add constraint FKf3mf88pcxawf3nt06400qmqn3 
       foreign key (restaurante_id) 
       references restaurantes
2025-11-28T18:05:47.867-03:00  INFO 251204 --- [Projeto-Delivery-API] [           main] j.LocalContainerEntityManagerFactoryBean : Initialized JPA EntityManagerFactory for persistence unit 'default'
2025-11-28T18:05:47.945-03:00  INFO 251204 --- [Projeto-Delivery-API] [           main] eAuthenticationProviderManagerConfigurer : Global AuthenticationManager configured with AuthenticationProvider bean with name authenticationProvider
2025-11-28T18:05:47.946-03:00  WARN 251204 --- [Projeto-Delivery-API] [           main] r$InitializeUserDetailsManagerConfigurer : Global AuthenticationManager configured with an AuthenticationProvider bean. UserDetailsService beans will not be used for username/password login. Consider removing the AuthenticationProvider bean. Alternatively, consider using the UserDetailsService in a manually instantiated DaoAuthenticationProvider.
2025-11-28T18:05:48.117-03:00 DEBUG 251204 --- [Projeto-Delivery-API] [           main] s.w.s.m.m.a.RequestMappingHandlerMapping : 38 mappings in 'requestMappingHandlerMapping'
2025-11-28T18:05:48.151-03:00 DEBUG 251204 --- [Projeto-Delivery-API] [           main] o.s.w.s.handler.SimpleUrlHandlerMapping  : Patterns [/webjars/**, /**, /swagger-ui*/*swagger-initializer.js, /swagger-ui*/**] in 'resourceHandlerMapping'
2025-11-28T18:05:48.207-03:00 DEBUG 251204 --- [Projeto-Delivery-API] [           main] s.w.s.m.m.a.RequestMappingHandlerAdapter : ControllerAdvice beans: 0 @ModelAttribute, 0 @InitBinder, 1 RequestBodyAdvice, 1 ResponseBodyAdvice
2025-11-28T18:05:48.211-03:00 DEBUG 251204 --- [Projeto-Delivery-API] [           main] .m.m.a.ExceptionHandlerExceptionResolver : ControllerAdvice beans: 2 @ExceptionHandler, 1 ResponseBodyAdvice
2025-11-28T18:05:48.309-03:00  INFO 251204 --- [Projeto-Delivery-API] [           main] o.s.b.a.h2.H2ConsoleAutoConfiguration    : H2 console available at '/h2-console'. Database available at 'jdbc:h2:mem:deliverydb'
2025-11-28T18:05:48.331-03:00  INFO 251204 --- [Projeto-Delivery-API] [           main] c.d.P.D.API.DeliveryApiApplicationTests  : Started DeliveryApiApplicationTests in 1.094 seconds (process running for 15.948)
Hibernate: 
    select
        p1_0.id,
        p1_0.cliente_id,
        p1_0.data_pedido,
        p1_0.itens,
        p1_0.numero_pedido,
        p1_0.observacoes,
        p1_0.restaurante_id,
        p1_0.status,
        p1_0.valor_total 
    from
        pedidos p1_0
Hibernate: 
    select
        p1_0.id,
        p1_0.categoria,
        p1_0.descricao,
        p1_0.disponivel,
        p1_0.nome,
        p1_0.preco,
        p1_0.restaurante_id 
    from
        produtos p1_0
Hibernate: 
    select
        r1_0.id,
        r1_0.ativo,
        r1_0.avaliacao,
        r1_0.categoria,
        r1_0.endereco,
        r1_0.nome,
        r1_0.taxa_entrega,
        r1_0.telefone 
    from
        restaurantes r1_0
Hibernate: 
    select
        c1_0.id,
        c1_0.ativo,
        c1_0.data_cadastro,
        c1_0.email,
        c1_0.endereco,
        c1_0.nome,
        c1_0.telefone 
    from
        clientes c1_0
Hibernate: 
    select
        u1_0.id,
        u1_0.ativo,
        u1_0.data_criacao,
        u1_0.email,
        u1_0.nome,
        u1_0.restaurante_id,
        u1_0.role,
        u1_0.senha 
    from
        usuarios u1_0
Hibernate: 
    insert 
    into
        usuarios
        (ativo, data_criacao, email, nome, restaurante_id, role, senha, id) 
    values
        (?, ?, ?, ?, ?, ?, ?, default)
Hibernate: 
    insert 
    into
        usuarios
        (ativo, data_criacao, email, nome, restaurante_id, role, senha, id) 
    values
        (?, ?, ?, ?, ?, ?, ?, default)
--- Usuários de teste criados! (Senha: 123456) ---
Hibernate: 
    insert 
    into
        clientes
        (ativo, data_cadastro, email, endereco, nome, telefone, id) 
    values
        (?, ?, ?, ?, ?, ?, default)
Hibernate: 
    insert 
    into
        restaurantes
        (ativo, avaliacao, categoria, endereco, nome, taxa_entrega, telefone, id) 
    values
        (?, ?, ?, ?, ?, ?, ?, default)
]]></system-out>
  </testcase>
</testsuite>